# JRE version: OpenJDK Runtime Environment Microsoft-8035246 (17.0.8+7) (build 17.0.8+7-LTS)
# Java VM: OpenJDK 64-Bit Server VM Microsoft-8035246 (17.0.8+7-LTS, mixed mode, sharing, tiered, compressed oops, compressed class ptrs, g1 gc, windows-amd64)
GC Precious Log:
 CPUs: 4 total, 4 available
 Memory: 7991M
 Large Page Support: Disabled
 NUMA Support: Disabled
 Compressed Oops: Enabled (Zero based)
 Heap Region Size: 4M
 Heap Min Capacity: 8M
 Heap Initial Capacity: 128M
 Heap Max Capacity: 4608M
 Pre-touch: Disabled
 Parallel Workers: 4
 Concurrent Workers: 1
 Concurrent Refinement Workers: 4
 Periodic GC: Disabled
Heap:
 garbage-first heap   total 319488K, used 246676K [0x00000006e0000000, 0x0000000800000000)
  region size 4096K, 24 young (98304K), 2 survivors (8192K)
 Metaspace       used 101626K, committed 102656K, reserved 557056K
  class space    used 14102K, committed 14592K, reserved 425984K
GC Heap History (20 events):
Event: 13.812 GC heap before
{Heap before GC invocations=28 (full 0):
 garbage-first heap   total 163840K, used 108457K [0x00000006e0000000, 0x0000000800000000)
  region size 4096K, 7 young (28672K), 1 survivors (4096K)
 Metaspace       used 71656K, committed 72384K, reserved 491520K
  class space    used 10004K, committed 10304K, reserved 425984K
}
Event: 13.816 GC heap after
{Heap after GC invocations=29 (full 0):
 garbage-first heap   total 163840K, used 85609K [0x00000006e0000000, 0x0000000800000000)
  region size 4096K, 1 young (4096K), 1 survivors (4096K)
 Metaspace       used 71656K, committed 72384K, reserved 491520K
  class space    used 10004K, committed 10304K, reserved 425984K
}
Event: 13.862 GC heap before
{Heap before GC invocations=29 (full 0):
 garbage-first heap   total 163840K, used 89705K [0x00000006e0000000, 0x0000000800000000)
  region size 4096K, 2 young (8192K), 1 survivors (4096K)
 Metaspace       used 71916K, committed 72640K, reserved 491520K
  class space    used 10044K, committed 10368K, reserved 425984K
}
Event: 13.866 GC heap after
{Heap after GC invocations=30 (full 0):
 garbage-first heap   total 241664K, used 84923K [0x00000006e0000000, 0x0000000800000000)
  region size 4096K, 1 young (4096K), 1 survivors (4096K)
 Metaspace       used 71916K, committed 72640K, reserved 491520K
  class space    used 10044K, committed 10368K, reserved 425984K
}
Event: 15.100 GC heap before
{Heap before GC invocations=30 (full 0):
 garbage-first heap   total 241664K, used 187323K [0x00000006e0000000, 0x0000000800000000)
  region size 4096K, 26 young (106496K), 1 survivors (4096K)
 Metaspace       used 76889K, committed 77632K, reserved 557056K
  class space    used 10707K, committed 11072K, reserved 425984K
}
Event: 15.110 GC heap after
{Heap after GC invocations=31 (full 0):
 garbage-first heap   total 241664K, used 91171K [0x00000006e0000000, 0x0000000800000000)
  region size 4096K, 3 young (12288K), 3 survivors (12288K)
 Metaspace       used 76889K, committed 77632K, reserved 557056K
  class space    used 10707K, committed 11072K, reserved 425984K
}
Event: 18.510 GC heap before
{Heap before GC invocations=31 (full 0):
 garbage-first heap   total 241664K, used 181283K [0x00000006e0000000, 0x0000000800000000)
  region size 4096K, 26 young (106496K), 3 survivors (12288K)
 Metaspace       used 82663K, committed 83392K, reserved 557056K
  class space    used 11691K, committed 12032K, reserved 425984K
}
Event: 18.521 GC heap after
{Heap after GC invocations=32 (full 0):
 garbage-first heap   total 241664K, used 95199K [0x00000006e0000000, 0x0000000800000000)
  region size 4096K, 3 young (12288K), 3 survivors (12288K)
 Metaspace       used 82663K, committed 83392K, reserved 557056K
  class space    used 11691K, committed 12032K, reserved 425984K
}
Event: 19.871 GC heap before
{Heap before GC invocations=32 (full 0):
 garbage-first heap   total 241664K, used 189407K [0x00000006e0000000, 0x0000000800000000)
  region size 4096K, 27 young (110592K), 3 survivors (12288K)
 Metaspace       used 86673K, committed 87424K, reserved 557056K
  class space    used 12190K, committed 12544K, reserved 425984K
}
Event: 19.897 GC heap after
{Heap after GC invocations=33 (full 0):
 garbage-first heap   total 241664K, used 107208K [0x00000006e0000000, 0x0000000800000000)
  region size 4096K, 4 young (16384K), 4 survivors (16384K)
 Metaspace       used 86673K, committed 87424K, reserved 557056K
  class space    used 12190K, committed 12544K, reserved 425984K
}
Event: 21.008 GC heap before
{Heap before GC invocations=33 (full 0):
 garbage-first heap   total 241664K, used 185032K [0x00000006e0000000, 0x0000000800000000)
  region size 4096K, 24 young (98304K), 4 survivors (16384K)
 Metaspace       used 88244K, committed 89088K, reserved 557056K
  class space    used 12423K, committed 12800K, reserved 425984K
}
Event: 21.030 GC heap after
{Heap after GC invocations=34 (full 0):
 garbage-first heap   total 241664K, used 124795K [0x00000006e0000000, 0x0000000800000000)
  region size 4096K, 3 young (12288K), 3 survivors (12288K)
 Metaspace       used 88244K, committed 89088K, reserved 557056K
  class space    used 12423K, committed 12800K, reserved 425984K
}
Event: 21.994 GC heap before
{Heap before GC invocations=34 (full 0):
 garbage-first heap   total 241664K, used 186235K [0x00000006e0000000, 0x0000000800000000)
  region size 4096K, 18 young (73728K), 3 survivors (12288K)
 Metaspace       used 91103K, committed 92032K, reserved 557056K
  class space    used 12754K, committed 13184K, reserved 425984K
}
Event: 22.014 GC heap after
{Heap after GC invocations=35 (full 0):
 garbage-first heap   total 241664K, used 137323K [0x00000006e0000000, 0x0000000800000000)
  region size 4096K, 3 young (12288K), 3 survivors (12288K)
 Metaspace       used 91103K, committed 92032K, reserved 557056K
  class space    used 12754K, committed 13184K, reserved 425984K
}
Event: 22.594 GC heap before
{Heap before GC invocations=35 (full 0):
 garbage-first heap   total 241664K, used 186475K [0x00000006e0000000, 0x0000000800000000)
  region size 4096K, 15 young (61440K), 3 survivors (12288K)
 Metaspace       used 94627K, committed 95552K, reserved 557056K
  class space    used 13281K, committed 13696K, reserved 425984K
}
Event: 22.610 GC heap after
{Heap after GC invocations=36 (full 0):
 garbage-first heap   total 319488K, used 140707K [0x00000006e0000000, 0x0000000800000000)
  region size 4096K, 1 young (4096K), 1 survivors (4096K)
 Metaspace       used 94627K, committed 95552K, reserved 557056K
  class space    used 13281K, committed 13696K, reserved 425984K
}
Event: 23.936 GC heap before
{Heap before GC invocations=36 (full 0):
 garbage-first heap   total 319488K, used 234915K [0x00000006e0000000, 0x0000000800000000)
  region size 4096K, 24 young (98304K), 1 survivors (4096K)
 Metaspace       used 97722K, committed 98688K, reserved 557056K
  class space    used 13650K, committed 14080K, reserved 425984K
}
Event: 23.952 GC heap after
{Heap after GC invocations=37 (full 0):
 garbage-first heap   total 319488K, used 148702K [0x00000006e0000000, 0x0000000800000000)
  region size 4096K, 3 young (12288K), 3 survivors (12288K)
 Metaspace       used 97722K, committed 98688K, reserved 557056K
  class space    used 13650K, committed 14080K, reserved 425984K
}
Event: 25.203 GC heap before
{Heap before GC invocations=37 (full 0):
 garbage-first heap   total 319488K, used 242910K [0x00000006e0000000, 0x0000000800000000)
  region size 4096K, 26 young (106496K), 3 survivors (12288K)
 Metaspace       used 100441K, committed 101440K, reserved 557056K
  class space    used 13955K, committed 14400K, reserved 425984K
}
Event: 25.221 GC heap after
{Heap after GC invocations=38 (full 0):
 garbage-first heap   total 319488K, used 156564K [0x00000006e0000000, 0x0000000800000000)
  region size 4096K, 4 young (16384K), 4 survivors (16384K)
 Metaspace       used 100441K, committed 101440K, reserved 557056K
  class space    used 13955K, committed 14400K, reserved 425984K
}

