# JRE version: OpenJDK Runtime Environment Microsoft-8035246 (17.0.8+7) (build 17.0.8+7-LTS)
# Java VM: OpenJDK 64-Bit Server VM Microsoft-8035246 (17.0.8+7-LTS, mixed mode, sharing, tiered, compressed oops, compressed class ptrs, g1 gc, windows-amd64)
GC Precious Log:
 CPUs: 4 total, 4 available
 Memory: 7991M
 Large Page Support: Disabled
 NUMA Support: Disabled
 Compressed Oops: Enabled (32-bit)
 Heap Region Size: 1M
 Heap Min Capacity: 8M
 Heap Initial Capacity: 126M
 Heap Max Capacity: 2G
 Pre-touch: Disabled
 Parallel Workers: 4
 Concurrent Workers: 1
 Concurrent Refinement Workers: 4
 Periodic GC: Disabled
Heap:
 garbage-first heap   total 254976K, used 199495K [0x0000000080000000, 0x0000000100000000)
  region size 1024K, 55 young (56320K), 5 survivors (5120K)
 Metaspace       used 102622K, committed 103552K, reserved 557056K
  class space    used 14297K, committed 14720K, reserved 425984K
GC Heap History (20 events):
Event: 21.951 GC heap before
{Heap before GC invocations=41 (full 0):
 garbage-first heap   total 173056K, used 142862K [0x0000000080000000, 0x0000000100000000)
  region size 1024K, 49 young (50176K), 2 survivors (2048K)
 Metaspace       used 88832K, committed 89536K, reserved 557056K
  class space    used 12462K, committed 12800K, reserved 425984K
}
Event: 21.955 GC heap after
{Heap after GC invocations=42 (full 0):
 garbage-first heap   total 173056K, used 96181K [0x0000000080000000, 0x0000000100000000)
  region size 1024K, 3 young (3072K), 3 survivors (3072K)
 Metaspace       used 88832K, committed 89536K, reserved 557056K
  class space    used 12462K, committed 12800K, reserved 425984K
}
Event: 21.986 GC heap before
{Heap before GC invocations=42 (full 0):
 garbage-first heap   total 173056K, used 101301K [0x0000000080000000, 0x0000000100000000)
  region size 1024K, 8 young (8192K), 3 survivors (3072K)
 Metaspace       used 89103K, committed 89792K, reserved 557056K
  class space    used 12499K, committed 12864K, reserved 425984K
}
Event: 21.990 GC heap after
{Heap after GC invocations=43 (full 0):
 garbage-first heap   total 173056K, used 96404K [0x0000000080000000, 0x0000000100000000)
  region size 1024K, 1 young (1024K), 1 survivors (1024K)
 Metaspace       used 89103K, committed 89792K, reserved 557056K
  class space    used 12499K, committed 12864K, reserved 425984K
}
Event: 22.382 GC heap before
{Heap before GC invocations=43 (full 0):
 garbage-first heap   total 173056K, used 143508K [0x0000000080000000, 0x0000000100000000)
  region size 1024K, 47 young (48128K), 1 survivors (1024K)
 Metaspace       used 91149K, committed 91968K, reserved 557056K
  class space    used 12779K, committed 13184K, reserved 425984K
}
Event: 22.387 GC heap after
{Heap after GC invocations=44 (full 0):
 garbage-first heap   total 207872K, used 100042K [0x0000000080000000, 0x0000000100000000)
  region size 1024K, 5 young (5120K), 5 survivors (5120K)
 Metaspace       used 91149K, committed 91968K, reserved 557056K
  class space    used 12779K, committed 13184K, reserved 425984K
}
Event: 23.607 GC heap before
{Heap before GC invocations=44 (full 0):
 garbage-first heap   total 207872K, used 172746K [0x0000000080000000, 0x0000000100000000)
  region size 1024K, 72 young (73728K), 5 survivors (5120K)
 Metaspace       used 93053K, committed 93888K, reserved 557056K
  class space    used 13038K, committed 13440K, reserved 425984K
}
Event: 23.618 GC heap after
{Heap after GC invocations=45 (full 0):
 garbage-first heap   total 207872K, used 116238K [0x0000000080000000, 0x0000000100000000)
  region size 1024K, 9 young (9216K), 9 survivors (9216K)
 Metaspace       used 93053K, committed 93888K, reserved 557056K
  class space    used 13038K, committed 13440K, reserved 425984K
}
Event: 24.474 GC heap before
{Heap before GC invocations=45 (full 0):
 garbage-first heap   total 207872K, used 169486K [0x0000000080000000, 0x0000000100000000)
  region size 1024K, 59 young (60416K), 9 survivors (9216K)
 Metaspace       used 93605K, committed 94464K, reserved 557056K
  class space    used 13090K, committed 13504K, reserved 425984K
}
Event: 24.487 GC heap after
{Heap after GC invocations=46 (full 0):
 garbage-first heap   total 207872K, used 133119K [0x0000000080000000, 0x0000000100000000)
  region size 1024K, 8 young (8192K), 8 survivors (8192K)
 Metaspace       used 93605K, committed 94464K, reserved 557056K
  class space    used 13090K, committed 13504K, reserved 425984K
}
Event: 24.849 GC heap before
{Heap before GC invocations=46 (full 0):
 garbage-first heap   total 207872K, used 169983K [0x0000000080000000, 0x0000000100000000)
  region size 1024K, 44 young (45056K), 8 survivors (8192K)
 Metaspace       used 95582K, committed 96448K, reserved 557056K
  class space    used 13366K, committed 13760K, reserved 425984K
}
Event: 24.864 GC heap after
{Heap after GC invocations=47 (full 0):
 garbage-first heap   total 207872K, used 137208K [0x0000000080000000, 0x0000000100000000)
  region size 1024K, 4 young (4096K), 4 survivors (4096K)
 Metaspace       used 95582K, committed 96448K, reserved 557056K
  class space    used 13366K, committed 13760K, reserved 425984K
}
Event: 25.346 GC heap before
{Heap before GC invocations=48 (full 0):
 garbage-first heap   total 254976K, used 168952K [0x0000000080000000, 0x0000000100000000)
  region size 1024K, 35 young (35840K), 4 survivors (4096K)
 Metaspace       used 99011K, committed 99968K, reserved 557056K
  class space    used 13835K, committed 14272K, reserved 425984K
}
Event: 25.354 GC heap after
{Heap after GC invocations=49 (full 0):
 garbage-first heap   total 254976K, used 139032K [0x0000000080000000, 0x0000000100000000)
  region size 1024K, 2 young (2048K), 2 survivors (2048K)
 Metaspace       used 99011K, committed 99968K, reserved 557056K
  class space    used 13835K, committed 14272K, reserved 425984K
}
Event: 25.558 GC heap before
{Heap before GC invocations=49 (full 0):
 garbage-first heap   total 254976K, used 149272K [0x0000000080000000, 0x0000000100000000)
  region size 1024K, 12 young (12288K), 2 survivors (2048K)
 Metaspace       used 99442K, committed 100352K, reserved 557056K
  class space    used 13899K, committed 14336K, reserved 425984K
}
Event: 25.563 GC heap after
{Heap after GC invocations=50 (full 0):
 garbage-first heap   total 254976K, used 139577K [0x0000000080000000, 0x0000000100000000)
  region size 1024K, 2 young (2048K), 2 survivors (2048K)
 Metaspace       used 99442K, committed 100352K, reserved 557056K
  class space    used 13899K, committed 14336K, reserved 425984K
}
Event: 26.290 GC heap before
{Heap before GC invocations=50 (full 0):
 garbage-first heap   total 254976K, used 204089K [0x0000000080000000, 0x0000000100000000)
  region size 1024K, 65 young (66560K), 2 survivors (2048K)
 Metaspace       used 101136K, committed 102080K, reserved 557056K
  class space    used 14099K, committed 14528K, reserved 425984K
}
Event: 26.301 GC heap after
{Heap after GC invocations=51 (full 0):
 garbage-first heap   total 254976K, used 145385K [0x0000000080000000, 0x0000000100000000)
  region size 1024K, 8 young (8192K), 8 survivors (8192K)
 Metaspace       used 101136K, committed 102080K, reserved 557056K
  class space    used 14099K, committed 14528K, reserved 425984K
}
Event: 27.035 GC heap before
{Heap before GC invocations=51 (full 0):
 garbage-first heap   total 254976K, used 204777K [0x0000000080000000, 0x0000000100000000)
  region size 1024K, 67 young (68608K), 8 survivors (8192K)
 Metaspace       used 102280K, committed 103232K, reserved 557056K
  class space    used 14243K, committed 14656K, reserved 425984K
}
Event: 27.050 GC heap after
{Heap after GC invocations=52 (full 0):
 garbage-first heap   total 254976K, used 150343K [0x0000000080000000, 0x0000000100000000)
  region size 1024K, 5 young (5120K), 5 survivors (5120K)
 Metaspace       used 102280K, committed 103232K, reserved 557056K
  class space    used 14243K, committed 14656K, reserved 425984K
}

